<?xml version="1.0" encoding="UTF-8"?>
<!-- Generated by org.testng.reporters.JUnitReportReporter -->
<testsuite hostname="jyothisateesh" name="Registration" tests="2" failures="0" timestamp="18 Oct 2015 09:00:38 GMT" time="0.016" errors="0">
  <testcase name="Signup" time="0.016" classname="Registration"/>
  <testcase name="Landing_signup" time="0.000" classname="Registration"/>
</testsuite> <!-- Registration -->
