<?xml version="1.0" encoding="UTF-8"?>
<!-- Generated by org.testng.reporters.JUnitReportReporter -->
<testsuite hostname="POPTesting-PC" name="Setup" tests="2" failures="0" timestamp="9 Oct 2015 04:45:48 GMT" time="27.969" errors="0">
  <testcase name="configure" time="17.315" classname="Setup"/>
  <testcase name="State_Selection" time="10.654" classname="Setup"/>
</testsuite> <!-- Setup -->
