<?xml version="1.0" encoding="UTF-8"?>
<!-- Generated by org.testng.reporters.JUnitReportReporter -->
<testsuite hostname="jyothisateesh" name="Hamburger" tests="5" failures="0" timestamp="18 Oct 2015 09:50:16 GMT" time="43.473" errors="0">
  <testcase name="Favourites" time="21.401" classname="Hamburger"/>
  <testcase name="Booking" time="4.084" classname="Hamburger"/>
  <testcase name="About" time="7.067" classname="Hamburger"/>
  <testcase name="Profile" time="5.395" classname="Hamburger"/>
  <testcase name="Reviews" time="5.526" classname="Hamburger"/>
</testsuite> <!-- Hamburger -->
