<?xml version="1.0" encoding="UTF-8"?>
<!-- Generated by org.testng.reporters.JUnitReportReporter -->
<testsuite hostname="POPTesting-PC" name="Login" tests="1" failures="0" timestamp="9 Oct 2015 04:45:48 GMT" time="21.024" errors="0">
  <testcase name="user_login" time="21.024" classname="Login"/>
</testsuite> <!-- Login -->
