<?xml version="1.0" encoding="UTF-8"?>
<!-- Generated by org.testng.reporters.JUnitReportReporter -->
<testsuite hostname="POPTesting-PC" name="Logout" tests="1" failures="1" timestamp="12 Oct 2015 06:05:35 GMT" time="0.008" errors="0">
  <testcase name="Logoutapp" time="0.008" classname="Logout">
    <failure type="org.openqa.selenium.remote.SessionNotFoundException" message="
Command duration or timeout: 6 milliseconds
Build info: version: &#039;2.47.1&#039;, revision: &#039;411b314&#039;, time: &#039;2015-07-30 03:03:16&#039;
System info: host: &#039;POPTesting-PC&#039;, ip: &#039;10.10.6.122&#039;, os.name: &#039;Windows 7&#039;, os.arch: &#039;amd64&#039;, os.version: &#039;6.1&#039;, java.version: &#039;1.7.0_60&#039;
*** Element info: {Using=id, value=com.popcorn.unicorn:id/img_menu}
Session ID: 52985de9-b5e3-4e84-8e06-1a5ed46bbe60
Driver info: io.appium.java_client.android.AndroidDriver
Capabilities [{platformVersion=5.0.2, app=E:\apk\Unicorn\Unicorn_v0.5.1.apk, platform=LINUX, databaseEnabled=false, javascriptEnabled=true, deviceName=HT35JW912039, platformName=Android, browserName=, app-package=com.popcorn.unicorn, webStorageEnabled=false, networkConnectionEnabled=true, app-activity=com.popcorn.unicorn.MainActivity, desired={app=E:\apk\Unicorn\Unicorn_v0.5.1.apk, platformVersion=5.1.1, platformName=Android, deviceName=emulator-5554, browserName=, app-package=com.popcorn.unicorn, app-activity=com.popcorn.unicorn.MainActivity}, locationContextEnabled=false, warnings={}, takesScreenshot=true}]">
      <![CDATA[org.openqa.selenium.remote.SessionNotFoundException: 
Command duration or timeout: 6 milliseconds
Build info: version: '2.47.1', revision: '411b314', time: '2015-07-30 03:03:16'
System info: host: 'POPTesting-PC', ip: '10.10.6.122', os.name: 'Windows 7', os.arch: 'amd64', os.version: '6.1', java.version: '1.7.0_60'
*** Element info: {Using=id, value=com.popcorn.unicorn:id/img_menu}
Session ID: 52985de9-b5e3-4e84-8e06-1a5ed46bbe60
Driver info: io.appium.java_client.android.AndroidDriver
Capabilities [{platformVersion=5.0.2, app=E:\apk\Unicorn\Unicorn_v0.5.1.apk, platform=LINUX, databaseEnabled=false, javascriptEnabled=true, deviceName=HT35JW912039, platformName=Android, browserName=, app-package=com.popcorn.unicorn, webStorageEnabled=false, networkConnectionEnabled=true, app-activity=com.popcorn.unicorn.MainActivity, desired={app=E:\apk\Unicorn\Unicorn_v0.5.1.apk, platformVersion=5.1.1, platformName=Android, deviceName=emulator-5554, browserName=, app-package=com.popcorn.unicorn, app-activity=com.popcorn.unicorn.MainActivity}, locationContextEnabled=false, warnings={}, takesScreenshot=true}]
	at sun.reflect.NativeConstructorAccessorImpl.newInstance0(Native Method)
	at sun.reflect.NativeConstructorAccessorImpl.newInstance(Unknown Source)
	at sun.reflect.DelegatingConstructorAccessorImpl.newInstance(Unknown Source)
	at java.lang.reflect.Constructor.newInstance(Unknown Source)
	at org.openqa.selenium.remote.ErrorHandler.createThrowable(ErrorHandler.java:206)
	at org.openqa.selenium.remote.ErrorHandler.throwIfResponseFailed(ErrorHandler.java:164)
	at org.openqa.selenium.remote.RemoteWebDriver.execute(RemoteWebDriver.java:595)
	at io.appium.java_client.DefaultGenericMobileDriver.execute(DefaultGenericMobileDriver.java:42)
	at io.appium.java_client.AppiumDriver.execute(AppiumDriver.java:1)
	at io.appium.java_client.android.AndroidDriver.execute(AndroidDriver.java:1)
	at org.openqa.selenium.remote.RemoteWebDriver.findElement(RemoteWebDriver.java:348)
	at org.openqa.selenium.remote.RemoteWebDriver.findElementById(RemoteWebDriver.java:389)
	at io.appium.java_client.DefaultGenericMobileDriver.findElementById(DefaultGenericMobileDriver.java:62)
	at io.appium.java_client.AppiumDriver.findElementById(AppiumDriver.java:1)
	at io.appium.java_client.android.AndroidDriver.findElementById(AndroidDriver.java:1)
	at org.openqa.selenium.By$ById.findElement(By.java:215)
	at org.openqa.selenium.remote.RemoteWebDriver.findElement(RemoteWebDriver.java:340)
	at io.appium.java_client.DefaultGenericMobileDriver.findElement(DefaultGenericMobileDriver.java:52)
	at io.appium.java_client.AppiumDriver.findElement(AppiumDriver.java:1)
	at io.appium.java_client.android.AndroidDriver.findElement(AndroidDriver.java:1)
	at Logout.Logoutapp(Logout.java:15)
	at sun.reflect.NativeMethodAccessorImpl.invoke0(Native Method)
	at sun.reflect.NativeMethodAccessorImpl.invoke(Unknown Source)
	at sun.reflect.DelegatingMethodAccessorImpl.invoke(Unknown Source)
	at java.lang.reflect.Method.invoke(Unknown Source)
	at org.testng.internal.MethodInvocationHelper.invokeMethod(MethodInvocationHelper.java:84)
	at org.testng.internal.Invoker.invokeMethod(Invoker.java:714)
	at org.testng.internal.Invoker.invokeTestMethod(Invoker.java:901)
	at org.testng.internal.Invoker.invokeTestMethods(Invoker.java:1231)
	at org.testng.internal.TestMethodWorker.invokeTestMethods(TestMethodWorker.java:127)
	at org.testng.internal.TestMethodWorker.run(TestMethodWorker.java:111)
	at org.testng.TestRunner.privateRun(TestRunner.java:767)
	at org.testng.TestRunner.run(TestRunner.java:617)
	at org.testng.SuiteRunner.runTest(SuiteRunner.java:334)
	at org.testng.SuiteRunner.runSequentially(SuiteRunner.java:329)
	at org.testng.SuiteRunner.privateRun(SuiteRunner.java:291)
	at org.testng.SuiteRunner.run(SuiteRunner.java:240)
	at org.testng.SuiteRunnerWorker.runSuite(SuiteRunnerWorker.java:52)
	at org.testng.SuiteRunnerWorker.run(SuiteRunnerWorker.java:86)
	at org.testng.TestNG.runSuitesSequentially(TestNG.java:1224)
	at org.testng.TestNG.runSuitesLocally(TestNG.java:1149)
	at org.testng.TestNG.run(TestNG.java:1057)
	at org.testng.remote.RemoteTestNG.run(RemoteTestNG.java:111)
	at org.testng.remote.RemoteTestNG.initAndRun(RemoteTestNG.java:204)
	at org.testng.remote.RemoteTestNG.main(RemoteTestNG.java:175)
]]>
    </failure>
  </testcase> <!-- Logoutapp -->
</testsuite> <!-- Logout -->
