<?xml version="1.0" encoding="UTF-8"?>
<!-- Generated by org.testng.reporters.JUnitReportReporter -->
<testsuite hostname="POPTesting-PC" name="Registration" tests="2" failures="0" timestamp="8 Oct 2015 06:28:56 GMT" time="45.192" errors="0">
  <testcase name="Landing_signup" time="1.116" classname="Registration"/>
  <testcase name="Signup" time="44.076" classname="Registration"/>
</testsuite> <!-- Registration -->
