<?xml version="1.0" encoding="UTF-8"?>
<!-- Generated by org.testng.reporters.JUnitReportReporter -->
<testsuite hostname="jyothisateesh" name="Login" tests="1" failures="0" timestamp="18 Oct 2015 09:50:16 GMT" time="23.117" errors="0">
  <testcase name="user_login" time="23.117" classname="Login"/>
</testsuite> <!-- Login -->
