<?xml version="1.0" encoding="UTF-8"?>
<!-- Generated by org.testng.reporters.JUnitReportReporter -->
<testsuite hostname="jyothisateesh" name="SearchSpa" tests="3" failures="0" timestamp="18 Oct 2015 09:50:16 GMT" time="34.866" errors="0">
  <testcase name="Product_Sel" time="21.387" classname="SearchSpa"/>
  <testcase name="Service_sel" time="8.598" classname="SearchSpa"/>
  <testcase name="search" time="4.881" classname="SearchSpa"/>
</testsuite> <!-- SearchSpa -->
