<?xml version="1.0" encoding="UTF-8"?>
<!-- Generated by org.testng.reporters.JUnitReportReporter -->
<testsuite hostname="POPTesting-PC" name="Setup" tests="2" failures="0" timestamp="16 Oct 2015 05:11:30 GMT" time="85.683" errors="0">
  <testcase name="configure" time="68.320" classname="Setup"/>
  <testcase name="State_Selection" time="17.363" classname="Setup"/>
</testsuite> <!-- Setup -->
