<?xml version="1.0" encoding="UTF-8"?>
<!-- Generated by org.testng.reporters.JUnitReportReporter -->
<testsuite hostname="POPTesting-PC" name="Login" tests="1" failures="0" timestamp="16 Oct 2015 05:11:30 GMT" time="20.690" errors="0">
  <testcase name="user_login" time="20.690" classname="Login"/>
</testsuite> <!-- Login -->
