<?xml version="1.0" encoding="UTF-8"?>
<!-- Generated by org.testng.reporters.JUnitReportReporter -->
<testsuite hostname="jyothisateesh" name="Setup" tests="2" failures="0" timestamp="18 Oct 2015 09:50:16 GMT" time="29.187" errors="0">
  <testcase name="configure" time="15.334" classname="Setup"/>
  <testcase name="State_Selection" time="13.853" classname="Setup"/>
</testsuite> <!-- Setup -->
