<?xml version="1.0" encoding="UTF-8"?>
<!-- Generated by org.testng.reporters.JUnitReportReporter -->
<testsuite hostname="POPTesting-PC" name="Registration" tests="2" failures="0" timestamp="9 Oct 2015 11:50:30 GMT" time="44.802" errors="0">
  <testcase name="Landing_signup" time="1.155" classname="Registration"/>
  <testcase name="Signup" time="43.647" classname="Registration"/>
</testsuite> <!-- Registration -->
